Indoorsy/proguard/seeds.txt
com.indoorsy.frash.R
com.indoorsy.frash.R: R()
com.indoorsy.frash.R$anim
com.indoorsy.frash.R$anim: int pophidden_anim
com.indoorsy.frash.R$anim: int popshow_anim
com.indoorsy.frash.R$anim: R$anim()
com.indoorsy.frash.R$array
com.indoorsy.frash.R$array: int personal_updatesex_spinner_item
com.indoorsy.frash.R$array: int smssdk_country_group_a
com.indoorsy.frash.R$array: int smssdk_country_group_b
com.indoorsy.frash.R$array: int smssdk_country_group_c
com.indoorsy.frash.R$array: int smssdk_country_group_d
com.indoorsy.frash.R$array: int smssdk_country_group_e
com.indoorsy.frash.R$array: int smssdk_country_group_f
com.indoorsy.frash.R$array: int smssdk_country_group_g
com.indoorsy.frash.R$array: int smssdk_country_group_h
com.indoorsy.frash.R$array: int smssdk_country_group_i
com.indoorsy.frash.R$array: int smssdk_country_group_j
com.indoorsy.frash.R$array: int smssdk_country_group_k
com.indoorsy.frash.R$array: int smssdk_country_group_l
com.indoorsy.frash.R$array: int smssdk_country_group_m
com.indoorsy.frash.R$array: int smssdk_country_group_n
com.indoorsy.frash.R$array: int smssdk_country_group_o
com.indoorsy.frash.R$array: int smssdk_country_group_p
com.indoorsy.frash.R$array: int smssdk_country_group_q
com.indoorsy.frash.R$array: int smssdk_country_group_r
com.indoorsy.frash.R$array: int smssdk_country_group_s
com.indoorsy.frash.R$array: int smssdk_country_group_t
com.indoorsy.frash.R$array: int smssdk_country_group_u
com.indoorsy.frash.R$array: int smssdk_country_group_v
com.indoorsy.frash.R$array: int smssdk_country_group_w
com.indoorsy.frash.R$array: int smssdk_country_group_x
com.indoorsy.frash.R$array: int smssdk_country_group_y
com.indoorsy.frash.R$attr
com.indoorsy.frash.R$attr: int border_color
com.indoorsy.frash.R$attr: int border_width
com.indoorsy.frash.R$attr: int bubble_angle
com.indoorsy.frash.R$attr: int bubble_arrowHeight
com.indoorsy.frash.R$attr: int bubble_arrowLocation
com.indoorsy.frash.R$attr: int bubble_arrowOffset
com.indoorsy.frash.R$attr: int bubble_arrowTop
com.indoorsy.frash.R$attr: int bubble_arrowWidth
com.indoorsy.frash.R$attr: int roundHeight
com.indoorsy.frash.R$attr: int roundWidth
com.indoorsy.frash.R$attr: R$attr()
com.indoorsy.frash.R$color
com.indoorsy.frash.R$color: int actionsheet_blue
com.indoorsy.frash.R$color: int actionsheet_gray
com.indoorsy.frash.R$color: int actionsheet_red
com.indoorsy.frash.R$color: int alertdialog_line
com.indoorsy.frash.R$color: int black
com.indoorsy.frash.R$color: int choose_eara_item_press_color
com.indoorsy.frash.R$color: int common_bg
com.indoorsy.frash.R$color: int common_bottom_bg
com.indoorsy.frash.R$color: int common_line_grey
com.indoorsy.frash.R$color: int common_lockup_bg
com.indoorsy.frash.R$color: int common_splitline_lightgray
com.indoorsy.frash.R$color: int common_text
com.indoorsy.frash.R$color: int common_title_bg
com.indoorsy.frash.R$color: int dialog_white_bg
com.indoorsy.frash.R$color: int gray
com.indoorsy.frash.R$color: int homepage_black_text
com.indoorsy.frash.R$color: int homepage_gray_press
com.indoorsy.frash.R$color: int homepage_gray_text
com.indoorsy.frash.R$color: int homepage_green_money
com.indoorsy.frash.R$color: int homepage_nav_press
com.indoorsy.frash.R$color: int homepage_nav_text
com.indoorsy.frash.R$color: int homepage_newonline
com.indoorsy.frash.R$color: int homepage_recipes
com.indoorsy.frash.R$color: int homepage_red_seckill
com.indoorsy.frash.R$color: int homepage_seckill
com.indoorsy.frash.R$color: int login_with_other_plat_text_color
com.indoorsy.frash.R$color: int logo_text_color
com.indoorsy.frash.R$color: int myinfo_grey_text
com.indoorsy.frash.R$color: int myinfo_register_send_code_text
...
org.jivesoftware.smackx.bytestreams.socks5.Socks5BytestreamManager$1
org.jivesoftware.smackx.bytestreams.socks5.Socks5BytestreamManager$1: Socks5BytestreamManager$1()
org.jivesoftware.smackx.bytestreams.socks5.Socks5BytestreamManager$1: void connectionCreated(org.jivesoftware.smack.Connection)
org.jivesoftware.smackx.bytestreams.socks5.Socks5BytestreamManager$1$1
org.jivesoftware.smackx.bytestreams.socks5.Socks5BytestreamManager$1$1: org.jivesoftware.smackx.bytestreams.socks5.Socks5BytestreamManager$1 this$1
org.jivesoftware.smackx.bytestreams.socks5.Socks5BytestreamManager$1$1: org.jivesoftware.smack.Connection val$connection
org.jivesoftware.smackx.bytestreams.socks5.Socks5BytestreamManager$1$1: Socks5BytestreamManager$1$1(org.jivesoftware.smackx.bytestreams.socks5.Socks5BytestreamManager$1,org.jivesoftware.smack.Connection)
org.jivesoftware.smackx.bytestreams.socks5.Socks5BytestreamManager$1$1: void connectionClosed()
org.jivesoftware.smackx.bytestreams.socks5.Socks5BytestreamManager$1$1: void connectionClosedOnError(java.lang.Exception)
org.jivesoftware.smackx.bytestreams.socks5.Socks5BytestreamManager$1$1: void reconnectionSuccessful()
org.jivesoftware.smackx.bytestreams.socks5.Socks5BytestreamRequest
org.jivesoftware.smackx.bytestreams.socks5.Socks5BytestreamRequest: long BLACKLIST_LIFETIME
org.jivesoftware.smackx.bytestreams.socks5.Socks5BytestreamRequest: int BLACKLIST_MAX_SIZE
org.jivesoftware.smackx.bytestreams.socks5.Socks5BytestreamRequest: org.jivesoftware.smack.util.Cache ADDRESS_BLACKLIST
org.jivesoftware.smackx.bytestreams.socks5.Socks5BytestreamRequest: int CONNECTION_FAILURE_THRESHOLD
org.jivesoftware.smackx.bytestreams.socks5.Socks5BytestreamRequest: org.jivesoftware.smackx.bytestreams.socks5.packet.Bytestream bytestreamRequest
org.jivesoftware.smackx.bytestreams.socks5.Socks5BytestreamRequest: org.jivesoftware.smackx.bytestreams.socks5.Socks5BytestreamManager manager
org.jivesoftware.smackx.bytestreams.socks5.Socks5BytestreamRequest: int totalConnectTimeout
org.jivesoftware.smackx.bytestreams.socks5.Socks5BytestreamRequest: int minimumConnectTimeout
org.jivesoftware.smackx.bytestreams.socks5.Socks5BytestreamRequest: void <clinit>()
org.jivesoftware.smackx.bytestreams.socks5.Socks5BytestreamRequest: int getConnectFailureThreshold()
org.jivesoftware.smackx.bytestreams.socks5.Socks5BytestreamRequest: void setConnectFailureThreshold(int)
org.jivesoftware.smackx.bytestreams.socks5.Socks5BytestreamRequest: Socks5BytestreamRequest(org.jivesoftware.smackx.bytestreams.socks5.Socks5BytestreamManager,org.jivesoftware.smackx.bytestreams.socks5.packet.Bytestream)
org.jivesoftware.smackx.bytestreams.socks5.Socks5BytestreamSession
org.jivesoftware.smackx.bytestreams.socks5.Socks5BytestreamSession: java.net.Socket socket
org.jivesoftware.smackx.bytestreams.socks5.Socks5BytestreamSession: boolean isDirect
org.jivesoftware.smackx.bytestreams.socks5.Socks5BytestreamSession: Socks5BytestreamSession(java.net.Socket,boolean)
org.jivesoftware.smackx.bytestreams.socks5.Socks5BytestreamSession: boolean isDirect()
org.jivesoftware.smackx.bytestreams.socks5.Socks5BytestreamSession: boolean isMediated()
org.jivesoftware.smackx.bytestreams.socks5.Socks5BytestreamSession: java.io.InputStream getInputStream()
org.jivesoftware.smackx.bytestreams.socks5.Socks5BytestreamSession: java.io.OutputStream getOutputStream()
org.jivesoftware.smackx.bytestreams.socks5.Socks5BytestreamSession: int getReadTimeout()
org.jivesoftware.smackx.bytestreams.socks5.Socks5BytestreamSession: void setReadTimeout(int)
org.jivesoftware.smackx.bytestreams.socks5.Socks5BytestreamSession: void close()