Indoorsy/proguard/mapping.txt
com.indoorsy.frash.R -> com.indoorsy.frash.R:
com.indoorsy.frash.R$anim -> com.indoorsy.frash.R$anim:
    int pophidden_anim -> pophidden_anim
    int popshow_anim -> popshow_anim
com.indoorsy.frash.R$array -> com.indoorsy.frash.R$array:
    int personal_updatesex_spinner_item -> personal_updatesex_spinner_item
    int smssdk_country_group_a -> smssdk_country_group_a
    int smssdk_country_group_b -> smssdk_country_group_b
    int smssdk_country_group_c -> smssdk_country_group_c
    int smssdk_country_group_d -> smssdk_country_group_d
    int smssdk_country_group_e -> smssdk_country_group_e
    int smssdk_country_group_f -> smssdk_country_group_f
    int smssdk_country_group_g -> smssdk_country_group_g
    int smssdk_country_group_h -> smssdk_country_group_h
    int smssdk_country_group_i -> smssdk_country_group_i
    int smssdk_country_group_j -> smssdk_country_group_j
    int smssdk_country_group_k -> smssdk_country_group_k
    int smssdk_country_group_l -> smssdk_country_group_l
    int smssdk_country_group_m -> smssdk_country_group_m
    int smssdk_country_group_n -> smssdk_country_group_n
    int smssdk_country_group_o -> smssdk_country_group_o
    int smssdk_country_group_p -> smssdk_country_group_p
    int smssdk_country_group_q -> smssdk_country_group_q
    int smssdk_country_group_r -> smssdk_country_group_r
    int smssdk_country_group_s -> smssdk_country_group_s
    int smssdk_country_group_t -> smssdk_country_group_t
    int smssdk_country_group_u -> smssdk_country_group_u
    int smssdk_country_group_v -> smssdk_country_group_v
    int smssdk_country_group_w -> smssdk_country_group_w
com.indoorsy.frash.R$attr -> com.indoorsy.frash.R$attr:
    int border_color -> border_color
    int border_width -> border_width
    int bubble_angle -> bubble_angle
    int bubble_arrowHeight -> bubble_arrowHeight
    int bubble_arrowLocation -> bubble_arrowLocation
    int bubble_arrowOffset -> bubble_arrowOffset
    int bubble_arrowTop -> bubble_arrowTop
    int bubble_arrowWidth -> bubble_arrowWidth
    int roundHeight -> roundHeight
    int roundWidth -> roundWidth
com.indoorsy.frash.R$color -> com.indoorsy.frash.R$color:
    int actionsheet_blue -> actionsheet_blue
    int actionsheet_gray -> actionsheet_gray
    int actionsheet_red -> actionsheet_red
    int alertdialog_line -> alertdialog_line
    int black -> black
    int choose_eara_item_press_color -> choose_eara_item_press_color
    int common_bg -> common_bg
    int common_bottom_bg -> common_bottom_bg
    int common_line_grey -> common_line_grey
    int common_lockup_bg -> common_lockup_bg
    int common_splitline_lightgray -> common_splitline_lightgray
    int common_text -> common_text
    int common_title_bg -> common_title_bg
    int dialog_white_bg -> dialog_white_bg
    int gray -> gray
    int homepage_black_text -> homepage_black_text
    int homepage_gray_press -> homepage_gray_press
    int homepage_gray_text -> homepage_gray_text
    int homepage_green_money -> homepage_green_money
    int homepage_nav_press -> homepage_nav_press
    int homepage_nav_text -> homepage_nav_text
    int homepage_newonline -> homepage_newonline
    int homepage_recipes -> homepage_recipes
    int homepage_red_seckill -> homepage_red_seckill
    int homepage_seckill -> homepage_seckill
    int login_with_other_plat_text_color -> login_with_other_plat_text_color
    int logo_text_color -> logo_text_color
    int myinfo_grey_text -> myinfo_grey_text
    int myinfo_register_send_code_text -> myinfo_register_send_code_text
    int myinfo_register_term -> myinfo_register_term
...
com.tencent.mm.sdk.openapi.IWXAPI -> com.tencent.mm.sdk.openapi.IWXAPI:
    boolean registerApp(java.lang.String) -> registerApp
    void unregisterApp() -> unregisterApp
    boolean handleIntent(android.content.Intent,com.tencent.mm.sdk.openapi.IWXAPIEventHandler) -> handleIntent
    boolean isWXAppInstalled() -> isWXAppInstalled
    boolean isWXAppSupportAPI() -> isWXAppSupportAPI
    int getWXAppSupportAPI() -> getWXAppSupportAPI
    boolean openWXApp() -> openWXApp
    boolean sendReq(com.tencent.mm.sdk.modelbase.BaseReq) -> sendReq
    boolean sendResp(com.tencent.mm.sdk.modelbase.BaseResp) -> sendResp
    void detach() -> detach
com.tencent.mm.sdk.openapi.IWXAPIEventHandler -> com.tencent.mm.sdk.openapi.IWXAPIEventHandler:
    void onReq(com.tencent.mm.sdk.modelbase.BaseReq) -> onReq
    void onResp(com.tencent.mm.sdk.modelbase.BaseResp) -> onResp
com.tencent.mm.sdk.openapi.WXAPIFactory -> com.tencent.mm.sdk.openapi.WXAPIFactory:
    java.lang.String TAG -> TAG
    com.tencent.mm.sdk.openapi.IWXAPI createWXAPI(android.content.Context,java.lang.String) -> createWXAPI
    com.tencent.mm.sdk.openapi.IWXAPI createWXAPI(android.content.Context,java.lang.String,boolean) -> createWXAPI
com.tencent.mm.sdk.openapi.WXApiImplComm -> com.tencent.mm.sdk.openapi.WXApiImplComm:
    java.lang.String TAG -> TAG
    java.lang.String WX_APP_SIGNATURE -> WX_APP_SIGNATURE
    boolean isIntentFromWx(android.content.Intent,java.lang.String) -> isIntentFromWx
    boolean validateAppSignatureForPackage(android.content.Context,java.lang.String,boolean) -> validateAppSignatureForPackage
    boolean validateAppSignature(android.content.Context,android.content.pm.Signature[],boolean) -> validateAppSignature
com.tencent.mm.sdk.openapi.WXApiImplV10 -> com.tencent.mm.sdk.openapi.WXApiImplV10:
    java.lang.String TAG -> TAG
    android.content.Context context -> context
    java.lang.String appId -> appId
    boolean checkSignature -> checkSignature
    boolean detached -> detached
    java.lang.String wxappPayEntryClassname -> wxappPayEntryClassname
    boolean registerApp(java.lang.String) -> registerApp
    void unregisterApp() -> unregisterApp
    boolean handleIntent(android.content.Intent,com.tencent.mm.sdk.openapi.IWXAPIEventHandler) -> handleIntent
    boolean isWXAppInstalled() -> isWXAppInstalled
    boolean isWXAppSupportAPI() -> isWXAppSupportAPI
    int getWXAppSupportAPI() -> getWXAppSupportAPI
    boolean openWXApp() -> openWXApp
    boolean sendReq(com.tencent.mm.sdk.modelbase.BaseReq) -> sendReq
    boolean sendPayReq(android.content.Context,android.os.Bundle) -> sendPayReq
    boolean sendResp(com.tencent.mm.sdk.modelbase.BaseResp) -> sendResp
    void detach() -> detach
    boolean checkSumConsistent(byte[],byte[]) -> checkSumConsistent
com.unionpay.UPPayAssistEx -> com.unionpay.UPPayAssistEx:
    int PLUGIN_VALID -> PLUGIN_VALID
    int PLUGIN_NOT_FOUND -> PLUGIN_NOT_FOUND
    java.lang.String a -> a
    java.lang.String b -> b
    java.lang.String c -> c
    java.lang.String d -> d
    java.lang.String e -> e
    java.lang.String f -> f
    java.lang.String g -> g
    java.lang.String h -> h
    java.lang.String i -> i
    java.lang.String j -> j
    java.lang.String k -> k
    int l -> l
    void startPayByJAR(android.app.Activity,java.lang.Class,java.lang.String,java.lang.String,java.lang.String,java.lang.String) -> startPayByJAR
    void a(java.lang.String,android.os.Bundle,java.lang.String) -> a
    int startPay(android.app.Activity,java.lang.String,java.lang.String,java.lang.String,java.lang.String) -> startPay
    int startPayFromBrowser(android.app.Activity,java.lang.String,java.lang.String) -> startPayFromBrowser
    int a(android.app.Activity,java.lang.String,java.lang.String) -> a
    int a(android.app.Activity,java.lang.String,java.lang.String,java.lang.String,java.lang.String) -> a
    boolean a(android.app.Activity) -> a
    boolean installUPPayPlugin(android.content.Context) -> installUPPayPlugin