Indoorsy/proguard/usage.txt
com.indoorsy.frash.BuildConfig
com.indoorsy.frash.Constants
com.indoorsy.frash.Constants$Config
com.indoorsy.frash.ReleaseConfigure
com.indoorsy.frash.commodity.activity.FirmOrderActivity:
    public static final int CHOOSE_ADDRESS
    public static final java.lang.String TYPE_CART_MORE
    public static final java.lang.String TYPE_CART_ONE
    public static final java.lang.String TYPE_PRODUCT_ONE
    private android.app.DatePickerDialog dataDialog
    private android.widget.TextView TotalPointTextView
    private android.widget.EditText UsePointEditText
    private android.widget.Button UsePointButton
    private int inte2
    562:586:public void doTime()
    961:973:private void ShowSuccess()
com.indoorsy.frash.commodity.activity.FirmOrderActivity$4
com.indoorsy.frash.commodity.activity.PayModeActivity:
    private static final int REQUEST_CODE_PAYMENT
com.indoorsy.frash.common.activity.BasicActivity:
    private static final int notifiId
    91:91:public void show(android.content.Context,java.lang.Object)
com.indoorsy.frash.common.view.CircleImageView:
    private static final int COLORDRAWABLE_DIMENSION
    private static final int DEFAULT_BORDER_WIDTH
    private static final int DEFAULT_BORDER_COLOR
    110:110:public int getBorderColor()
    114:121:public void setBorderColor(int)
    124:124:public int getBorderWidth()
    128:134:public void setBorderWidth(int)
com.indoorsy.frash.common.view.CommonAlertDialog:
    93:99:public com.indoorsy.frash.common.view.CommonAlertDialog setEditText(java.lang.String)
    103:103:public java.lang.String getResult()
    107:113:public com.indoorsy.frash.common.view.CommonAlertDialog setMsg(java.lang.String)
    128:129:public com.indoorsy.frash.common.view.CommonAlertDialog setCancelable(boolean)
    152:165:public com.indoorsy.frash.common.view.CommonAlertDialog setNegativeButton(java.lang.String,android.view.View$OnClickListener)
com.indoorsy.frash.common.view.CommonAlertDialog$2
com.indoorsy.frash.common.view.CommonLockUpView:
    33:33:public boolean isVisible()
    57:58:public void setGoneOnTouch(boolean)
    61:63:public void setChildViewAndAnim(android.view.View,int)
com.indoorsy.frash.common.view.CommonProgressDialog:
    103:106:public boolean isShowing()
com.indoorsy.frash.common.view.CustomTitleView:
    78:78:public android.widget.ImageView getLeftImageView()
com.indoorsy.frash.common.view.FixedSpeedScroller:
    28:35:public void setDuration(android.support.v4.view.ViewPager,int)
    38:38:public int getmDuration()
    42:43:public void setmDuration(int)
com.indoorsy.frash.common.view.HorizontalListView:
    276:278:public synchronized void scrollTo(int)
com.indoorsy.frash.common.view.PullScrollView:
    public static final int PULL_UP_STATE
    public static final int PULL_DOWN_STATE
    public static final int RELEASE_TO_REFRESH
    public static final int RELEASE_TO_LOADING
    public static final int REFRESHING
    public static final int LOADING
    private static final int DONE
    private static final int RATIO
    296:299:public void setfooterViewGone()
com.indoorsy.frash.common.view.PulllScrollFooterView:
    137:138:public void show()
    144:145:public void hide()
com.indoorsy.frash.common.view.expandtab.ExpandTabView:
    58:58:public void setTitle(java.lang.String)
    208:209:public void setOnButtonClickListener(com.indoorsy.frash.common.view.expandtab.ExpandTabView$OnButtonClickListener)
com.indoorsy.frash.common.view.expandtab.ViewLeft:
    22:22:public java.lang.String getShowText()
com.indoorsy.frash.common.view.expandtab.ViewMiddle:
    private java.util.ArrayList groups
    private android.util.SparseArray children
    41:63:public void updateShowText(java.lang.String,java.lang.String)
    120:120:public java.lang.String getShowText()
com.indoorsy.frash.common.view.pickdate.DefineWheelAdapter:
    int currentday
    int currenthour
...
cn.smssdk.gui.CountryPage$1
cn.smssdk.gui.CountryPage$2
cn.smssdk.gui.CountryPage$2$1
cn.smssdk.gui.CountryPage$2$1$1
cn.smssdk.gui.DefaultContactViewItem
cn.smssdk.gui.DefaultContactViewItem$1
cn.smssdk.gui.DefaultContactViewItem$ViewHolder
cn.smssdk.gui.DefaultOnSendMessageListener
cn.smssdk.gui.GroupListView:
    105:105:public cn.smssdk.gui.GroupListView$GroupAdapter getAdapter()
    109:111:private void notifyDataSetChanged()
    170:171:public void setOnScrollListener(android.widget.AbsListView$OnScrollListener)
    174:175:public void setOnItemClickListener(cn.smssdk.gui.GroupListView$OnItemClickListener)
    108:108:static synthetic void access$0(cn.smssdk.gui.GroupListView)
cn.smssdk.gui.GroupListView$GroupAdapter:
    331:332:public void notifyDataSetChanged()
cn.smssdk.gui.IdentifyNumPage
cn.smssdk.gui.IdentifyNumPage$1
cn.smssdk.gui.IdentifyNumPage$10
cn.smssdk.gui.IdentifyNumPage$11
cn.smssdk.gui.IdentifyNumPage$12
cn.smssdk.gui.IdentifyNumPage$13
cn.smssdk.gui.IdentifyNumPage$14
cn.smssdk.gui.IdentifyNumPage$2
cn.smssdk.gui.IdentifyNumPage$2$1
cn.smssdk.gui.IdentifyNumPage$3
cn.smssdk.gui.IdentifyNumPage$4
cn.smssdk.gui.IdentifyNumPage$5
cn.smssdk.gui.IdentifyNumPage$6
cn.smssdk.gui.IdentifyNumPage$7
cn.smssdk.gui.IdentifyNumPage$8
cn.smssdk.gui.IdentifyNumPage$9
cn.smssdk.gui.RegisterPage
cn.smssdk.gui.RegisterPage$1
cn.smssdk.gui.RegisterPage$1$1
cn.smssdk.gui.RegisterPage$2
cn.smssdk.gui.RegisterPage$3
cn.smssdk.gui.SMSReceiver:
    private static final java.lang.String ACTION_SMS_RECEIVER
    16:18:public SMSReceiver(cn.smssdk.SMSSDK$VerifyCodeReadListener)
cn.smssdk.gui.SearchEngine:
    private static final java.lang.String DB_FILE
    23:57:public static void prepare(android.content.Context,java.lang.Runnable)
    60:61:public void setCaseSensitive(boolean)
    18:18:static synthetic java.util.HashMap access$0()
    18:18:static synthetic void access$1(java.util.HashMap)
cn.smssdk.gui.SearchEngine$1
cn.smssdk.utils.Protocols:
    public void a(java.lang.String,java.lang.String)
    private java.lang.String getTokenUrl()
    private java.lang.String e()
    public void b(java.lang.String,java.lang.String)
    private java.lang.String g()
    public void c(java.lang.String,java.lang.String)
    private java.lang.String h()
    public java.util.HashMap a(java.lang.String,java.lang.String,java.lang.String)
    private java.lang.String i()
    public java.util.ArrayList a()
    private java.lang.String j()
    public void a(java.lang.String,java.lang.String,java.lang.String,java.lang.String,java.lang.String)
cn.smssdk.utils.c:
    public void c()
    public void b(java.util.ArrayList)
    public long g()
com.mob.tools.MobUIShell:
    public com.mob.tools.FakeActivity getExecutor()
com.mob.tools.gui.AsyncImageView:
    private static final int MSG_IMG_GOT
    public void setRound(float)
    public void setRound(float,float,float,float)
    public void setScaleToCropCenter(boolean)
    public void execute(java.lang.String,android.graphics.Bitmap)
com.mob.tools.gui.BitmapProcessor:
    private static final int CAPACITY
    private static final int MAX_REQ_TIME
    private static final int MAX_SIZE
    private static final int OVERFLOW_SIZE
    public static void stop()
com.mob.tools.gui.PullToRefreshAdatper:
    protected com.mob.tools.gui.PullToRefreshView getParent()
com.mob.tools.gui.PullToRefreshBaseListAdapter:
    public abstract boolean isFling()
    public abstract void onScroll(com.mob.tools.gui.Scrollable,int,int,int)
com.mob.tools.gui.PullToRefreshGridAdapter
com.mob.tools.gui.PullToRefreshGridAdapter$1
com.mob.tools.gui.PullToRefreshListAdapter:
    public void setDivider(android.graphics.drawable.Drawable)
    public void setDividerHeight(int)
com.mob.tools.gui.PullToRefreshView:
    private static final long MIN_REF_TIME
    public void lockPulling()
    public void releaseLock()